<?xml version="1.0" encoding="UTF-8"?>
<robot generator="Robot 4.0.3 (Python 3.9.6 on win32)" generated="20210709 12:20:31.229" rpa="false" schemaversion="2">
<suite id="s1" name="Trade" source="C:\Users\Al Muzdhar Computers\tradeviewdemo\trade.robot">
<kw name="Start tradeview webtesting" type="SETUP">
<kw name="Open Browser" library="SeleniumLibrary">
<arg>about:blank</arg>
<arg>${BROWSER}</arg>
<doc>Opens a new browser instance to the optional ``url``.</doc>
<msg timestamp="20210709 12:20:31.554" level="INFO">Opening browser 'Chrome' to base url 'about:blank'.</msg>
<status status="PASS" starttime="20210709 12:20:31.554" endtime="20210709 12:20:33.231"/>
</kw>
<kw name="Maximize Browser Window" library="SeleniumLibrary">
<doc>Maximizes current browser window.</doc>
<status status="PASS" starttime="20210709 12:20:33.231" endtime="20210709 12:20:33.359"/>
</kw>
<status status="PASS" starttime="20210709 12:20:31.554" endtime="20210709 12:20:33.360"/>
</kw>
<test id="s1-t1" name="Enter into trading view website and check whether search functionality is working fine">
<kw name="Enter the url in the browser">
<kw name="Go To" library="SeleniumLibrary">
<arg>${URL}</arg>
<doc>Navigates the current browser window to the provided ``url``.</doc>
<msg timestamp="20210709 12:20:33.363" level="INFO">Opening url 'https://in.tradingview.com/ideas/tradeview/'</msg>
<status status="PASS" starttime="20210709 12:20:33.362" endtime="20210709 12:20:40.905"/>
</kw>
<status status="PASS" starttime="20210709 12:20:33.362" endtime="20210709 12:20:40.905"/>
</kw>
<kw name="Verify if the user is in the url's home page">
<kw name="Page Should Contain" library="SeleniumLibrary">
<arg>Start free trial</arg>
<doc>Verifies that current page contains ``text``.</doc>
<msg timestamp="20210709 12:20:40.931" level="INFO">Current page contains text 'Start free trial'.</msg>
<status status="PASS" starttime="20210709 12:20:40.906" endtime="20210709 12:20:40.931"/>
</kw>
<status status="PASS" starttime="20210709 12:20:40.906" endtime="20210709 12:20:40.931"/>
</kw>
<kw name="Verify if user is able to scroll down the page">
<kw name="Scroll Element Into View" library="SeleniumLibrary">
<arg>${link}</arg>
<doc>Scrolls the element identified by ``locator`` into view.</doc>
<status status="PASS" starttime="20210709 12:20:40.932" endtime="20210709 12:20:41.288"/>
</kw>
<status status="PASS" starttime="20210709 12:20:40.932" endtime="20210709 12:20:41.289"/>
</kw>
<kw name="Verify the search button by clicking on it">
<kw name="Click Button" library="SeleniumLibrary">
<arg>${search}</arg>
<doc>Clicks the button identified by ``locator``.</doc>
<msg timestamp="20210709 12:20:41.295" level="INFO">Clicking button 'xpath=/html/body/div[2]/div[3]/div/div[2]/div[1]/div/button'.</msg>
<status status="PASS" starttime="20210709 12:20:41.294" endtime="20210709 12:20:41.434"/>
</kw>
<kw name="Sleep" library="BuiltIn">
<arg>5s</arg>
<doc>Pauses the test executed for the given time.</doc>
<msg timestamp="20210709 12:20:46.439" level="INFO">Slept 5 seconds</msg>
<status status="PASS" starttime="20210709 12:20:41.434" endtime="20210709 12:20:46.439"/>
</kw>
<status status="PASS" starttime="20210709 12:20:41.291" endtime="20210709 12:20:46.439"/>
</kw>
<kw name="Verify the functionality of search button by entering text in search bar">
<kw name="Input Text" library="SeleniumLibrary">
<arg>${name}</arg>
<arg>${text}</arg>
<doc>Types the given ``text`` into the text field identified by ``locator``.</doc>
<msg timestamp="20210709 12:20:46.444" level="INFO">Typing text 'Adani ports' into text field 'name=query'.</msg>
<status status="PASS" starttime="20210709 12:20:46.443" endtime="20210709 12:20:46.635"/>
</kw>
<kw name="Click Button" library="SeleniumLibrary">
<arg>${enter}</arg>
<doc>Clicks the button identified by ``locator``.</doc>
<msg timestamp="20210709 12:20:46.636" level="INFO">Clicking button 'xpath=//button[@type='submit']'.</msg>
<status status="PASS" starttime="20210709 12:20:46.635" endtime="20210709 12:20:48.678"/>
</kw>
<kw name="Sleep" library="BuiltIn">
<arg>10s</arg>
<doc>Pauses the test executed for the given time.</doc>
<msg timestamp="20210709 12:20:58.678" level="INFO">Slept 10 seconds</msg>
<status status="PASS" starttime="20210709 12:20:48.678" endtime="20210709 12:20:58.678"/>
</kw>
<status status="PASS" starttime="20210709 12:20:46.439" endtime="20210709 12:20:58.678"/>
</kw>
<status status="PASS" starttime="20210709 12:20:33.360" endtime="20210709 12:20:58.678"/>
</test>
<kw name="Complete tradeview webtesting" type="TEARDOWN">
<kw name="Close Browser" library="SeleniumLibrary">
<doc>Closes the current browser.</doc>
<status status="PASS" starttime="20210709 12:20:58.695" endtime="20210709 12:21:01.062"/>
</kw>
<status status="PASS" starttime="20210709 12:20:58.692" endtime="20210709 12:21:01.062"/>
</kw>
<status status="PASS" starttime="20210709 12:20:31.230" endtime="20210709 12:21:01.062"/>
</suite>
<statistics>
<total>
<stat pass="1" fail="0" skip="0">All Tests</stat>
</total>
<tag>
</tag>
<suite>
<stat pass="1" fail="0" skip="0" id="s1" name="Trade">Trade</stat>
</suite>
</statistics>
<errors>
</errors>
</robot>
